		<02/02 06:54:24,271 [BDT] ERROR
		 [main] appsdk.PersistentQueue
../control/acximQs/obs.Q.getcontrol does not exist yet. Creating it.

		>
		<02/02 06:54:24,276 [BDT] ERROR
		 [main] appsdk.PersistentQueue
../control/acximQs/obs.Q.putcontrol does not exist yet. Creating it.

		>
		<02/02 06:54:24,276 [BDT] ERROR
		 [main] appsdk.PersistentQueue
../control/acximQs/acxim.Q.getcontrol does not exist yet. Creating it.

		>
		<02/02 06:54:24,277 [BDT] ERROR
		 [main] appsdk.PersistentQueue
../control/acximQs/acxim.Q.putcontrol does not exist yet. Creating it.

		>
		<02/02 20:03:52,365 [BDT] ERROR
		 [main] appsdk.PersistentQueue
../control/acximQs/obs.Q.getcontrol does not exist yet. Creating it.

		>
		<02/02 20:03:52,365 [BDT] ERROR
		 [main] appsdk.PersistentQueue
../control/acximQs/obs.Q.putcontrol does not exist yet. Creating it.

		>
		<02/02 20:03:52,366 [BDT] ERROR
		 [main] appsdk.PersistentQueue
../control/acximQs/acxim.Q.getcontrol does not exist yet. Creating it.

		>
		<02/02 20:03:52,366 [BDT] ERROR
		 [main] appsdk.PersistentQueue
../control/acximQs/acxim.Q.putcontrol does not exist yet. Creating it.

		>
		<02/03 19:41:23,070 [BDT] ERROR
		 [main] appsdk.PersistentQueue
../control/acximQs/obs.Q.getcontrol does not exist yet. Creating it.

		>
		<02/03 19:41:23,071 [BDT] ERROR
		 [main] appsdk.PersistentQueue
../control/acximQs/obs.Q.putcontrol does not exist yet. Creating it.

		>
		<02/03 19:41:23,071 [BDT] ERROR
		 [main] appsdk.PersistentQueue
../control/acximQs/acxim.Q.getcontrol does not exist yet. Creating it.

		>
		<02/03 19:41:23,071 [BDT] ERROR
		 [main] appsdk.PersistentQueue
../control/acximQs/acxim.Q.putcontrol does not exist yet. Creating it.

		>
